<?xml version="1.0" encoding="UTF-8"?>
<!-- Generated by org.testng.reporters.JUnitXMLReporter -->
<testsuite ignored="2" hostname="LAPTOP-589LAIG8" failures="0" tests="0" time="0.011" errors="0" timestamp="2025-03-31T14:05:30 IST">
  <testcase classname="testCases.TC_LoginPage" name="Logincheck" time="0.0">
    <ignored/>
  </testcase> <!-- Logincheck -->
  <testcase classname="testCases.TC_AccountRegistractionTest" name="login" time="0.0">
    <ignored/>
  </testcase> <!-- login -->
</testsuite>
