<?xml version="1.0" encoding="UTF-8"?>
<testng-results ignored="0" total="1" passed="1" failed="0" skipped="0">
  <reporter-output>
  </reporter-output>
  <suite started-at="2025-04-03T20:17:13 IST" name="Suite" finished-at="2025-04-03T20:17:20 IST" duration-ms="7215">
    <groups>
      <group name="Master">
        <method signature="TC_LoginPage.Logincheck()[pri:0, instance:testCases.TC_LoginPage@70325e14]" name="Logincheck" class="testCases.TC_LoginPage"/>
      </group> <!-- Master -->
      <group name="sanity">
        <method signature="TC_LoginPage.Logincheck()[pri:0, instance:testCases.TC_LoginPage@70325e14]" name="Logincheck" class="testCases.TC_LoginPage"/>
      </group> <!-- sanity -->
    </groups>
    <test started-at="2025-04-03T20:17:13 IST" name="Tes1t" finished-at="2025-04-03T20:17:20 IST" duration-ms="7215">
      <class name="testCases.TC_LoginPage">
        <test-method is-config="true" signature="setUp(java.lang.String)[pri:0, instance:testCases.TC_LoginPage@70325e14]" started-at="2025-04-03T20:17:13 IST" name="setUp" finished-at="2025-04-03T20:17:18 IST" duration-ms="5006" status="PASS">
          <params>
            <param index="0">
              <value>
                <![CDATA[chrome]]>
              </value>
            </param>
          </params>
          <reporter-output>
          </reporter-output>
        </test-method> <!-- setUp -->
        <test-method signature="Logincheck()[pri:0, instance:testCases.TC_LoginPage@70325e14]" started-at="2025-04-03T20:17:18 IST" name="Logincheck" finished-at="2025-04-03T20:17:20 IST" duration-ms="2144" status="PASS">
          <reporter-output>
          </reporter-output>
        </test-method> <!-- Logincheck -->
      </class> <!-- testCases.TC_LoginPage -->
    </test> <!-- Tes1t -->
  </suite> <!-- Suite -->
</testng-results>
